TN:
SF:src/modules/appointments/services/CreateAppointmentService.ts
FN:15,(anonymous_18)
FN:16,CreateAppointmentService
FN:21,(anonymous_20)
FNF:3
FNH:3
FNDA:1,(anonymous_18)
FNDA:2,CreateAppointmentService
FNDA:3,(anonymous_20)
DA:1,1
DA:2,1
DA:4,1
DA:15,1
DA:18,2
DA:21,1
DA:22,3
DA:23,3
DA:25,3
DA:27,3
DA:31,3
DA:32,1
DA:35,2
DA:40,2
DA:42,1
DA:44,1
LF:16
LH:16
BRDA:31,0,0,1
BRDA:31,0,1,2
BRF:2
BRH:2
end_of_record
TN:
SF:src/modules/users/services/AuthenticateUserService.ts
FN:21,(anonymous_18)
FN:22,AuthenticateUserService
FN:30,(anonymous_20)
FNF:3
FNH:3
FNDA:1,(anonymous_18)
FNDA:1,AuthenticateUserService
FNDA:1,(anonymous_20)
DA:1,1
DA:2,1
DA:3,1
DA:5,1
DA:21,1
DA:24,1
DA:27,1
DA:30,1
DA:31,1
DA:33,1
DA:34,1
DA:37,0
DA:42,0
DA:43,0
DA:46,0
DA:48,0
DA:53,0
DA:58,1
DA:60,1
LF:19
LH:13
BRDA:31,0,0,1
BRDA:33,1,0,1
BRDA:33,1,1,0
BRDA:42,2,0,0
BRDA:42,2,1,0
BRF:5
BRH:2
end_of_record
TN:
SF:src/modules/users/services/CreateUserService.ts
FN:15,(anonymous_18)
FN:16,CreateUserService
FN:24,(anonymous_20)
FNF:3
FNH:3
FNDA:2,(anonymous_18)
FNDA:3,CreateUserService
FNDA:4,(anonymous_20)
DA:1,2
DA:3,2
DA:15,2
DA:18,3
DA:21,3
DA:24,4
DA:25,4
DA:27,4
DA:28,0
DA:31,4
DA:33,4
DA:39,4
DA:41,2
DA:43,2
LF:14
LH:13
BRDA:25,0,0,4
BRDA:27,1,0,0
BRDA:27,1,1,4
BRF:3
BRH:2
end_of_record
TN:
SF:src/modules/users/services/UpdateUserAvatarService.ts
FN:16,(anonymous_18)
FN:17,UpdateUserAvatarService
FN:22,(anonymous_20)
FNF:3
FNH:0
FNDA:0,(anonymous_18)
FNDA:0,UpdateUserAvatarService
FNDA:0,(anonymous_20)
DA:1,0
DA:2,0
DA:3,0
DA:4,0
DA:6,0
DA:16,0
DA:19,0
DA:22,0
DA:23,0
DA:25,0
DA:26,0
DA:32,0
DA:33,0
DA:37,0
DA:41,0
DA:42,0
DA:46,0
DA:48,0
DA:50,0
DA:52,0
DA:54,0
LF:21
LH:0
BRDA:23,0,0,0
BRDA:25,1,0,0
BRDA:25,1,1,0
BRDA:32,2,0,0
BRDA:32,2,1,0
BRDA:41,3,0,0
BRDA:41,3,1,0
BRF:7
BRH:0
end_of_record
